0 info it worked if it ends with ok
1 verbose cli [ '/usr/bin/nodejs', '/usr/bin/npm', 'install', 'jquery' ]
2 info using npm@3.5.2
3 info using node@v4.2.6
4 silly loadCurrentTree Starting
5 silly install loadCurrentTree
6 silly install readLocalPackageData
7 silly fetchPackageMetaData jquery
8 silly fetchNamedPackageData jquery
9 silly mapToRegistry name jquery
10 silly mapToRegistry using default registry
11 silly mapToRegistry registry https://registry.npmjs.org/
12 silly mapToRegistry uri https://registry.npmjs.org/jquery
13 verbose request uri https://registry.npmjs.org/jquery
14 verbose request no auth needed
15 info attempt registry request try #1 at 7:11:48 PM
16 verbose request id a6a6841f3b7caf89
17 http request GET https://registry.npmjs.org/jquery
18 http 200 https://registry.npmjs.org/jquery
19 verbose headers { server: 'nginx/1.10.1',
19 verbose headers   'content-type': 'application/json',
19 verbose headers   'last-modified': 'Fri, 10 Mar 2017 06:34:38 GMT',
19 verbose headers   etag: 'W/"58c248fe-14949"',
19 verbose headers   'content-encoding': 'gzip',
19 verbose headers   'cache-control': 'max-age=300',
19 verbose headers   'content-length': '10036',
19 verbose headers   'accept-ranges': 'bytes',
19 verbose headers   date: 'Sat, 11 Mar 2017 18:11:53 GMT',
19 verbose headers   via: '1.1 varnish',
19 verbose headers   age: '77',
19 verbose headers   connection: 'keep-alive',
19 verbose headers   'x-served-by': 'cache-ams4433-AMS',
19 verbose headers   'x-cache': 'HIT',
19 verbose headers   'x-cache-hits': '2',
19 verbose headers   'x-timer': 'S1489255913.548740,VS0,VE0',
19 verbose headers   vary: 'Accept-Encoding' }
20 silly get cb [ 200,
20 silly get   { server: 'nginx/1.10.1',
20 silly get     'content-type': 'application/json',
20 silly get     'last-modified': 'Fri, 10 Mar 2017 06:34:38 GMT',
20 silly get     etag: 'W/"58c248fe-14949"',
20 silly get     'content-encoding': 'gzip',
20 silly get     'cache-control': 'max-age=300',
20 silly get     'content-length': '10036',
20 silly get     'accept-ranges': 'bytes',
20 silly get     date: 'Sat, 11 Mar 2017 18:11:53 GMT',
20 silly get     via: '1.1 varnish',
20 silly get     age: '77',
20 silly get     connection: 'keep-alive',
20 silly get     'x-served-by': 'cache-ams4433-AMS',
20 silly get     'x-cache': 'HIT',
20 silly get     'x-cache-hits': '2',
20 silly get     'x-timer': 'S1489255913.548740,VS0,VE0',
20 silly get     vary: 'Accept-Encoding' } ]
21 verbose get saving jquery to /home/kamil/.npm/registry.npmjs.org/jquery/.cache.json
22 silly install normalizeTree
23 silly loadCurrentTree Finishing
24 silly loadIdealTree Starting
25 silly install loadIdealTree
26 silly cloneCurrentTree Starting
27 silly install cloneCurrentTreeToIdealTree
28 silly cloneCurrentTree Finishing
29 silly loadShrinkwrap Starting
30 silly install loadShrinkwrap
31 silly loadShrinkwrap Finishing
32 silly loadAllDepsIntoIdealTree Starting
33 silly install loadAllDepsIntoIdealTree
34 silly resolveWithNewModule jquery@3.1.1 checking installable status
35 silly cache add args [ 'jquery', null ]
36 verbose cache add spec jquery
37 silly cache add parsed spec Result {
37 silly cache add   raw: 'jquery',
37 silly cache add   scope: null,
37 silly cache add   name: 'jquery',
37 silly cache add   rawSpec: '',
37 silly cache add   spec: 'latest',
37 silly cache add   type: 'tag' }
38 silly addNamed jquery@latest
39 verbose addNamed "latest" is being treated as a dist-tag for jquery
40 info addNameTag [ 'jquery', 'latest' ]
41 silly mapToRegistry name jquery
42 silly mapToRegistry using default registry
43 silly mapToRegistry registry https://registry.npmjs.org/
44 silly mapToRegistry uri https://registry.npmjs.org/jquery
45 verbose addNameTag registry:https://registry.npmjs.org/jquery not in flight; fetching
46 verbose get https://registry.npmjs.org/jquery not expired, no request
47 silly addNameTag next cb for jquery with tag latest
48 silly addNamed jquery@3.1.1
49 verbose addNamed "3.1.1" is a plain semver version for jquery
50 silly mapToRegistry name jquery
51 silly mapToRegistry using default registry
52 silly mapToRegistry registry https://registry.npmjs.org/
53 silly mapToRegistry uri https://registry.npmjs.org/jquery
54 verbose addRemoteTarball https://registry.npmjs.org/jquery/-/jquery-3.1.1.tgz not in flight; adding
55 verbose addRemoteTarball [ 'https://registry.npmjs.org/jquery/-/jquery-3.1.1.tgz',
55 verbose addRemoteTarball   '347c1c21c7e004115e0a4da32cece041fad3c8a3' ]
56 info retry fetch attempt 1 at 7:11:49 PM
57 info attempt registry request try #1 at 7:11:49 PM
58 http fetch GET https://registry.npmjs.org/jquery/-/jquery-3.1.1.tgz
59 http fetch 200 https://registry.npmjs.org/jquery/-/jquery-3.1.1.tgz
60 silly fetchAndShaCheck shasum 347c1c21c7e004115e0a4da32cece041fad3c8a3
61 verbose addTmpTarball /tmp/npm-7165-34702132/registry.npmjs.org/jquery/-/jquery-3.1.1.tgz not in flight; adding
62 verbose addTmpTarball already have metadata; skipping unpack for jquery@3.1.1
63 silly cache afterAdd jquery@3.1.1
64 verbose afterAdd /home/kamil/.npm/jquery/3.1.1/package/package.json not in flight; writing
65 verbose afterAdd /home/kamil/.npm/jquery/3.1.1/package/package.json written
66 silly loadAllDepsIntoIdealTree Finishing
67 silly idealTree:prePrune html
67 silly idealTree:prePrune ├── accepts@1.3.3
67 silly idealTree:prePrune ├── array-flatten@1.1.1
67 silly idealTree:prePrune ├── balanced-match@0.4.2
67 silly idealTree:prePrune ├── brace-expansion@1.1.6
67 silly idealTree:prePrune ├── browser-stdout@1.3.0
67 silly idealTree:prePrune ├── commander@2.9.0
67 silly idealTree:prePrune ├── concat-map@0.0.1
67 silly idealTree:prePrune ├── content-disposition@0.5.2
67 silly idealTree:prePrune ├── content-type@1.0.2
67 silly idealTree:prePrune ├── cookie-signature@1.0.6
67 silly idealTree:prePrune ├── cookie@0.3.1
67 silly idealTree:prePrune ├── debug@2.2.0
67 silly idealTree:prePrune ├── depd@1.1.0
67 silly idealTree:prePrune ├── destroy@1.0.4
67 silly idealTree:prePrune ├── diff@1.4.0
67 silly idealTree:prePrune ├── ee-first@1.1.1
67 silly idealTree:prePrune ├── encodeurl@1.0.1
67 silly idealTree:prePrune ├── escape-html@1.0.3
67 silly idealTree:prePrune ├── escape-string-regexp@1.0.5
67 silly idealTree:prePrune ├── etag@1.8.0
67 silly idealTree:prePrune ├─┬ express@4.15.2
67 silly idealTree:prePrune │ ├── debug@2.6.1
67 silly idealTree:prePrune │ └── ms@0.7.2
67 silly idealTree:prePrune ├─┬ finalhandler@1.0.0
67 silly idealTree:prePrune │ ├── debug@2.6.1
67 silly idealTree:prePrune │ └── ms@0.7.2
67 silly idealTree:prePrune ├── forwarded@0.1.0
67 silly idealTree:prePrune ├── fresh@0.5.0
67 silly idealTree:prePrune ├── fs.realpath@1.0.0
67 silly idealTree:prePrune ├── glob@7.0.5
67 silly idealTree:prePrune ├── graceful-readlink@1.0.1
67 silly idealTree:prePrune ├── growl@1.9.2
67 silly idealTree:prePrune ├── has-flag@1.0.0
67 silly idealTree:prePrune ├── http-errors@1.6.1
67 silly idealTree:prePrune ├── inflight@1.0.6
67 silly idealTree:prePrune ├── inherits@2.0.3
67 silly idealTree:prePrune ├── ipaddr.js@1.2.0
67 silly idealTree:prePrune ├── jquery@3.1.1
67 silly idealTree:prePrune ├── json3@3.3.2
67 silly idealTree:prePrune ├── lodash._baseassign@3.2.0
67 silly idealTree:prePrune ├── lodash._basecopy@3.0.1
67 silly idealTree:prePrune ├── lodash._basecreate@3.0.3
67 silly idealTree:prePrune ├── lodash._getnative@3.9.1
67 silly idealTree:prePrune ├── lodash._isiterateecall@3.0.9
67 silly idealTree:prePrune ├── lodash.create@3.1.1
67 silly idealTree:prePrune ├── lodash.isarguments@3.1.0
67 silly idealTree:prePrune ├── lodash.isarray@3.0.4
67 silly idealTree:prePrune ├── lodash.keys@3.1.2
67 silly idealTree:prePrune ├── media-typer@0.3.0
67 silly idealTree:prePrune ├── merge-descriptors@1.0.1
67 silly idealTree:prePrune ├── methods@1.1.2
67 silly idealTree:prePrune ├── mime-db@1.26.0
67 silly idealTree:prePrune ├── mime-types@2.1.14
67 silly idealTree:prePrune ├── mime@1.3.4
67 silly idealTree:prePrune ├── minimatch@3.0.3
67 silly idealTree:prePrune ├── minimist@0.0.8
67 silly idealTree:prePrune ├── mkdirp@0.5.1
67 silly idealTree:prePrune ├── mocha
67 silly idealTree:prePrune ├── ms@0.7.1
67 silly idealTree:prePrune ├── negotiator@0.6.1
67 silly idealTree:prePrune ├── on-finished@2.3.0
67 silly idealTree:prePrune ├── once@1.4.0
67 silly idealTree:prePrune ├── parseurl@1.3.1
67 silly idealTree:prePrune ├── path-is-absolute@1.0.1
67 silly idealTree:prePrune ├── path-to-regexp@0.1.7
67 silly idealTree:prePrune ├── proxy-addr@1.1.3
67 silly idealTree:prePrune ├── qs@6.4.0
67 silly idealTree:prePrune ├── range-parser@1.2.0
67 silly idealTree:prePrune ├─┬ send@0.15.1
67 silly idealTree:prePrune │ ├── debug@2.6.1
67 silly idealTree:prePrune │ └── ms@0.7.2
67 silly idealTree:prePrune ├── serve-static@1.12.1
67 silly idealTree:prePrune ├── setprototypeof@1.0.3
67 silly idealTree:prePrune ├── statuses@1.3.1
67 silly idealTree:prePrune ├── supports-color@3.1.2
67 silly idealTree:prePrune ├── type-is@1.6.14
67 silly idealTree:prePrune ├── unpipe@1.0.0
67 silly idealTree:prePrune ├── utils-merge@1.0.0
67 silly idealTree:prePrune ├── vary@1.1.0
67 silly idealTree:prePrune └── wrappy@1.0.2
68 silly loadIdealTree Finishing
69 silly currentTree html
69 silly currentTree ├── accepts@1.3.3
69 silly currentTree ├── array-flatten@1.1.1
69 silly currentTree ├── balanced-match@0.4.2
69 silly currentTree ├── brace-expansion@1.1.6
69 silly currentTree ├── browser-stdout@1.3.0
69 silly currentTree ├── commander@2.9.0
69 silly currentTree ├── concat-map@0.0.1
69 silly currentTree ├── content-disposition@0.5.2
69 silly currentTree ├── content-type@1.0.2
69 silly currentTree ├── cookie-signature@1.0.6
69 silly currentTree ├── cookie@0.3.1
69 silly currentTree ├── debug@2.2.0
69 silly currentTree ├── depd@1.1.0
69 silly currentTree ├── destroy@1.0.4
69 silly currentTree ├── diff@1.4.0
69 silly currentTree ├── ee-first@1.1.1
69 silly currentTree ├── encodeurl@1.0.1
69 silly currentTree ├── escape-html@1.0.3
69 silly currentTree ├── escape-string-regexp@1.0.5
69 silly currentTree ├── etag@1.8.0
69 silly currentTree ├─┬ express@4.15.2
69 silly currentTree │ ├── debug@2.6.1
69 silly currentTree │ └── ms@0.7.2
69 silly currentTree ├─┬ finalhandler@1.0.0
69 silly currentTree │ ├── debug@2.6.1
69 silly currentTree │ └── ms@0.7.2
69 silly currentTree ├── forwarded@0.1.0
69 silly currentTree ├── fresh@0.5.0
69 silly currentTree ├── fs.realpath@1.0.0
69 silly currentTree ├── glob@7.0.5
69 silly currentTree ├── graceful-readlink@1.0.1
69 silly currentTree ├── growl@1.9.2
69 silly currentTree ├── has-flag@1.0.0
69 silly currentTree ├── http-errors@1.6.1
69 silly currentTree ├── inflight@1.0.6
69 silly currentTree ├── inherits@2.0.3
69 silly currentTree ├── ipaddr.js@1.2.0
69 silly currentTree ├── json3@3.3.2
69 silly currentTree ├── lodash._baseassign@3.2.0
69 silly currentTree ├── lodash._basecopy@3.0.1
69 silly currentTree ├── lodash._basecreate@3.0.3
69 silly currentTree ├── lodash._getnative@3.9.1
69 silly currentTree ├── lodash._isiterateecall@3.0.9
69 silly currentTree ├── lodash.create@3.1.1
69 silly currentTree ├── lodash.isarguments@3.1.0
69 silly currentTree ├── lodash.isarray@3.0.4
69 silly currentTree ├── lodash.keys@3.1.2
69 silly currentTree ├── media-typer@0.3.0
69 silly currentTree ├── merge-descriptors@1.0.1
69 silly currentTree ├── methods@1.1.2
69 silly currentTree ├── mime-db@1.26.0
69 silly currentTree ├── mime-types@2.1.14
69 silly currentTree ├── mime@1.3.4
69 silly currentTree ├── minimatch@3.0.3
69 silly currentTree ├── minimist@0.0.8
69 silly currentTree ├── mkdirp@0.5.1
69 silly currentTree ├── mocha
69 silly currentTree ├── ms@0.7.1
69 silly currentTree ├── negotiator@0.6.1
69 silly currentTree ├── on-finished@2.3.0
69 silly currentTree ├── once@1.4.0
69 silly currentTree ├── parseurl@1.3.1
69 silly currentTree ├── path-is-absolute@1.0.1
69 silly currentTree ├── path-to-regexp@0.1.7
69 silly currentTree ├── proxy-addr@1.1.3
69 silly currentTree ├── qs@6.4.0
69 silly currentTree ├── range-parser@1.2.0
69 silly currentTree ├─┬ send@0.15.1
69 silly currentTree │ ├── debug@2.6.1
69 silly currentTree │ └── ms@0.7.2
69 silly currentTree ├── serve-static@1.12.1
69 silly currentTree ├── setprototypeof@1.0.3
69 silly currentTree ├── statuses@1.3.1
69 silly currentTree ├── supports-color@3.1.2
69 silly currentTree ├── type-is@1.6.14
69 silly currentTree ├── unpipe@1.0.0
69 silly currentTree ├── utils-merge@1.0.0
69 silly currentTree ├── vary@1.1.0
69 silly currentTree └── wrappy@1.0.2
70 silly idealTree html
70 silly idealTree ├── accepts@1.3.3
70 silly idealTree ├── array-flatten@1.1.1
70 silly idealTree ├── balanced-match@0.4.2
70 silly idealTree ├── brace-expansion@1.1.6
70 silly idealTree ├── browser-stdout@1.3.0
70 silly idealTree ├── commander@2.9.0
70 silly idealTree ├── concat-map@0.0.1
70 silly idealTree ├── content-disposition@0.5.2
70 silly idealTree ├── content-type@1.0.2
70 silly idealTree ├── cookie-signature@1.0.6
70 silly idealTree ├── cookie@0.3.1
70 silly idealTree ├── debug@2.2.0
70 silly idealTree ├── depd@1.1.0
70 silly idealTree ├── destroy@1.0.4
70 silly idealTree ├── diff@1.4.0
70 silly idealTree ├── ee-first@1.1.1
70 silly idealTree ├── encodeurl@1.0.1
70 silly idealTree ├── escape-html@1.0.3
70 silly idealTree ├── escape-string-regexp@1.0.5
70 silly idealTree ├── etag@1.8.0
70 silly idealTree ├─┬ express@4.15.2
70 silly idealTree │ ├── debug@2.6.1
70 silly idealTree │ └── ms@0.7.2
70 silly idealTree ├─┬ finalhandler@1.0.0
70 silly idealTree │ ├── debug@2.6.1
70 silly idealTree │ └── ms@0.7.2
70 silly idealTree ├── forwarded@0.1.0
70 silly idealTree ├── fresh@0.5.0
70 silly idealTree ├── fs.realpath@1.0.0
70 silly idealTree ├── glob@7.0.5
70 silly idealTree ├── graceful-readlink@1.0.1
70 silly idealTree ├── growl@1.9.2
70 silly idealTree ├── has-flag@1.0.0
70 silly idealTree ├── http-errors@1.6.1
70 silly idealTree ├── inflight@1.0.6
70 silly idealTree ├── inherits@2.0.3
70 silly idealTree ├── ipaddr.js@1.2.0
70 silly idealTree ├── jquery@3.1.1
70 silly idealTree ├── json3@3.3.2
70 silly idealTree ├── lodash._baseassign@3.2.0
70 silly idealTree ├── lodash._basecopy@3.0.1
70 silly idealTree ├── lodash._basecreate@3.0.3
70 silly idealTree ├── lodash._getnative@3.9.1
70 silly idealTree ├── lodash._isiterateecall@3.0.9
70 silly idealTree ├── lodash.create@3.1.1
70 silly idealTree ├── lodash.isarguments@3.1.0
70 silly idealTree ├── lodash.isarray@3.0.4
70 silly idealTree ├── lodash.keys@3.1.2
70 silly idealTree ├── media-typer@0.3.0
70 silly idealTree ├── merge-descriptors@1.0.1
70 silly idealTree ├── methods@1.1.2
70 silly idealTree ├── mime-db@1.26.0
70 silly idealTree ├── mime-types@2.1.14
70 silly idealTree ├── mime@1.3.4
70 silly idealTree ├── minimatch@3.0.3
70 silly idealTree ├── minimist@0.0.8
70 silly idealTree ├── mkdirp@0.5.1
70 silly idealTree ├── mocha
70 silly idealTree ├── ms@0.7.1
70 silly idealTree ├── negotiator@0.6.1
70 silly idealTree ├── on-finished@2.3.0
70 silly idealTree ├── once@1.4.0
70 silly idealTree ├── parseurl@1.3.1
70 silly idealTree ├── path-is-absolute@1.0.1
70 silly idealTree ├── path-to-regexp@0.1.7
70 silly idealTree ├── proxy-addr@1.1.3
70 silly idealTree ├── qs@6.4.0
70 silly idealTree ├── range-parser@1.2.0
70 silly idealTree ├─┬ send@0.15.1
70 silly idealTree │ ├── debug@2.6.1
70 silly idealTree │ └── ms@0.7.2
70 silly idealTree ├── serve-static@1.12.1
70 silly idealTree ├── setprototypeof@1.0.3
70 silly idealTree ├── statuses@1.3.1
70 silly idealTree ├── supports-color@3.1.2
70 silly idealTree ├── type-is@1.6.14
70 silly idealTree ├── unpipe@1.0.0
70 silly idealTree ├── utils-merge@1.0.0
70 silly idealTree ├── vary@1.1.0
70 silly idealTree └── wrappy@1.0.2
71 silly generateActionsToTake Starting
72 silly install generateActionsToTake
73 warn checkPermissions Missing write access to /var/www/html/node_modules
74 silly rollbackFailedOptional Starting
75 silly rollbackFailedOptional Finishing
76 silly runTopLevelLifecycles Starting
77 silly runTopLevelLifecycles Finishing
78 silly install printInstalled
79 warn enoent ENOENT: no such file or directory, open '/var/www/html/package.json'
80 warn enoent ENOENT: no such file or directory, open '/var/www/html/node_modules/mocha/package.json'
81 warn html No description
82 warn html No repository field.
83 warn html No README data
84 warn html No license field.
85 verbose stack Error: EACCES: permission denied, access '/var/www/html/node_modules'
85 verbose stack     at Error (native)
86 verbose cwd /var/www/html/karolszewczyk
87 error Linux 4.8.0-32-generic
88 error argv "/usr/bin/nodejs" "/usr/bin/npm" "install" "jquery"
89 error node v4.2.6
90 error npm  v3.5.2
91 error path /var/www/html/node_modules
92 error code EACCES
93 error errno -13
94 error syscall access
95 error Error: EACCES: permission denied, access '/var/www/html/node_modules'
95 error     at Error (native)
95 error  { [Error: EACCES: permission denied, access '/var/www/html/node_modules']
95 error   errno: -13,
95 error   code: 'EACCES',
95 error   syscall: 'access',
95 error   path: '/var/www/html/node_modules' }
96 error Please try running this command again as root/Administrator.
97 verbose exit [ -13, true ]
